*******************************************************************
* Genome-wide Complex Trait Analysis (GCTA)
* version v1.95.1 Linux
* Built at Feb  2 2026 16:51:42, by GCC 8.4
* (C) 2010-present, Yang Lab, Westlake University
* Please report bugs to Jian Yang <jian.yang@westlake.edu.cn>
*******************************************************************
Analysis started at 18:17:38 PST on Fri Mar 06 2026.
Hostname: ophelia.ucsd.edu

Options: 
 
--bfile /nfs/lab/tscc/ref/LDSC/1000G_EUR_Phase3_plink/1000G.EUR.QC.13 
--make-grm 
--out chr13_grm 

Note: GRM is computed using the SNPs on the autosomes.
Reading PLINK FAM file from [/nfs/lab/tscc/ref/LDSC/1000G_EUR_Phase3_plink/1000G.EUR.QC.13.fam]...
489 individuals to be included from FAM file.
489 individuals to be included. 0 males, 0 females, 489 unknown.
Reading PLINK BIM file from [/nfs/lab/tscc/ref/LDSC/1000G_EUR_Phase3_plink/1000G.EUR.QC.13.bim]...
366200 SNPs to be included from BIM file(s).
Computing the genetic relationship matrix (GRM) v2 ...
Subset 1/1, no. subject 1-489
  489 samples, 366200 markers, 119805 GRM elements
IDs for the GRM file have been saved in the file [chr13_grm.grm.id]
Computing GRM...
  100% finished in 2.3 sec
366200 SNPs have been processed.
  Used 366200 valid SNPs.
The GRM computation is completed.
Saving GRM...
GRM has been saved in the file [chr13_grm.grm.bin]
Number of SNPs in each pair of individuals has been saved in the file [chr13_grm.grm.N.bin]

Analysis finished at 18:17:41 PST on Fri Mar 06 2026
Overall computational time: 2.87 sec.
