*******************************************************************
* Genome-wide Complex Trait Analysis (GCTA)
* version v1.95.1 Linux
* Built at Feb  2 2026 16:51:42, by GCC 8.4
* (C) 2010-present, Yang Lab, Westlake University
* Please report bugs to Jian Yang <jian.yang@westlake.edu.cn>
*******************************************************************
Analysis started at 10:45:23 PST on Fri Mar 06 2026.
Hostname: ophelia.ucsd.edu

Accepted options:
--bfile /nfs/lab/tscc/ref/LDSC/1000G_EUR_Phase3_plink/1000G.EUR.QC.6
--simu-cc 200 200
--simu-causal-loci /nfs/lab/tscc/mpittigher/random/sumstats/T1D_causal_snps_clean.txt
--simu-hsq 0.5
--simu-k 0.5
--simu-rep 1
--out T1D_results/T1D_sim_chr6


Reading PLINK FAM file from [/nfs/lab/tscc/ref/LDSC/1000G_EUR_Phase3_plink/1000G.EUR.QC.6.fam].
489 individuals to be included from [/nfs/lab/tscc/ref/LDSC/1000G_EUR_Phase3_plink/1000G.EUR.QC.6.fam].
Reading PLINK BIM file from [/nfs/lab/tscc/ref/LDSC/1000G_EUR_Phase3_plink/1000G.EUR.QC.6.bim].
664016 SNPs to be included from [/nfs/lab/tscc/ref/LDSC/1000G_EUR_Phase3_plink/1000G.EUR.QC.6.bim].
Reading PLINK BED file from [/nfs/lab/tscc/ref/LDSC/1000G_EUR_Phase3_plink/1000G.EUR.QC.6.bed] in SNP-major format ...
Genotype data for 489 individuals and 664016 SNPs to be included from [/nfs/lab/tscc/ref/LDSC/1000G_EUR_Phase3_plink/1000G.EUR.QC.6.bed].
Simulation parameters:
Number of simulation replicate(s) = 1 (Default = 1)
Heritability of liability = 0.5 (Default = 0.1)
Disease prevalence = 0.5 (Default = 0.1)
Number of cases = 200
Number of controls = 200

Reading a list of SNPs (as causal variants) from [/nfs/lab/tscc/mpittigher/random/sumstats/T1D_causal_snps_clean.txt].
27836 SNPs (as causal variants) to be included from [/nfs/lab/tscc/mpittigher/random/sumstats/T1D_causal_snps_clean.txt].
27836 unspecified QTL effects are generated from standard normal distribution.
Calculating allele frequencies ...
Recoding genotypes (individual major mode) ...
Simulated QTL effect(s) have been saved in [T1D_results/T1D_sim_chr6.par].
Simulating GWAS based on the real genotyped data with 1 replicate(s) ...
Simulated 200 cases and 200 controls have been saved in [T1D_results/T1D_sim_chr6.phen].

Analysis finished at 10:45:28 PST on Fri Mar 06 2026
Overall computational time: 5.56 sec.
