*******************************************************************
* Genome-wide Complex Trait Analysis (GCTA)
* version v1.94.1 Linux
* Built at Nov 15 2022 21:14:25, by GCC 8.5
* (C) 2010-present, Yang Lab, Westlake University
* Please report bugs to Jian Yang <jian.yang@westlake.edu.cn>
*******************************************************************
Analysis started at 22:19:20 PST on Sat Mar 07 2026.
Hostname: login02

Accepted options:
--grm /expanse/lustre/projects/ddp412/jparkeryang/CSE-284-Final-Project/grms/chr3_grm
--pheno /expanse/lustre/projects/ddp412/jparkeryang/CSE-284-Final-Project/gwas_simulation/Anorexia/Anorexia_sim_chr3.phen
--reml
--reml-no-constrain
--out /expanse/lustre/projects/ddp412/jparkeryang/CSE-284-Final-Project/results/gcta/Anorexia

Note: This is a multi-thread program. You could specify the number of threads by the --thread-num option to speed up the computation if there are multiple processors in your machine.

Reading IDs of the GRM from [/expanse/lustre/projects/ddp412/jparkeryang/CSE-284-Final-Project/grms/chr3_grm.grm.id].
489 IDs are read from [/expanse/lustre/projects/ddp412/jparkeryang/CSE-284-Final-Project/grms/chr3_grm.grm.id].
Reading the GRM from [/expanse/lustre/projects/ddp412/jparkeryang/CSE-284-Final-Project/grms/chr3_grm.grm.bin].
GRM for 489 individuals are included from [/expanse/lustre/projects/ddp412/jparkeryang/CSE-284-Final-Project/grms/chr3_grm.grm.bin].
Reading phenotypes from [/expanse/lustre/projects/ddp412/jparkeryang/CSE-284-Final-Project/gwas_simulation/Anorexia/Anorexia_sim_chr3.phen].
Non-missing phenotypes of 400 individuals are included from [/expanse/lustre/projects/ddp412/jparkeryang/CSE-284-Final-Project/gwas_simulation/Anorexia/Anorexia_sim_chr3.phen].
Assuming a disease phenotype for a case-control study: 200 cases and 200 controls 
Note: you can specify the disease prevalence by the option --prevalence so that GCTA can transform the variance explained to the underlying liability scale.
400 individuals are in common in these files.

Performing  REML analysis ... (Note: may take hours depending on sample size).
400 observations, 1 fixed effect(s), and 2 variance component(s)(including residual variance).
Calculating prior values of variance components by EM-REML ...
Updated prior values: 0.125124 0.125955
logL: 74.119
Running AI-REML algorithm ...
Iter.	logL	V(G)	V(e)	
1	74.12	0.11016	0.14042	
2	74.25	0.07883	0.17101	
3	74.36	0.08014	0.16999	
4	74.36	0.08012	0.17001	
5	74.36	0.08012	0.17001	
Log-likelihood ratio converged.

Calculating the logLikelihood for the reduced model ...
(variance component 1 is dropped from the model)
Calculating prior values of variance components by EM-REML ...
Updated prior values: 0.25063
logL: 73.57062
Running AI-REML algorithm ...
Iter.	logL	V(e)	
1	73.57	0.25063	
Log-likelihood ratio converged.

Summary result of REML analysis:
Source	Variance	SE
V(G)	0.080122	0.066409
V(e)	0.170013	0.066080
Vp	0.250135	0.017749
V(G)/Vp	0.320315	0.262996

Sampling variance/covariance of the estimates of variance components:
4.410149e-03	-4.230806e-03	
-4.230806e-03	4.366507e-03	

Summary result of REML analysis has been saved in the file [/expanse/lustre/projects/ddp412/jparkeryang/CSE-284-Final-Project/results/gcta/Anorexia.hsq].

Analysis finished at 22:19:20 PST on Sat Mar 07 2026
Overall computational time: 0.05 sec.
