*******************************************************************
* Genome-wide Complex Trait Analysis (GCTA)
* version v1.94.1 Linux
* Built at Nov 15 2022 21:14:25, by GCC 8.5
* (C) 2010-present, Yang Lab, Westlake University
* Please report bugs to Jian Yang <jian.yang@westlake.edu.cn>
*******************************************************************
Analysis started at 22:19:20 PST on Sat Mar 07 2026.
Hostname: login02

Accepted options:
--grm /expanse/lustre/projects/ddp412/jparkeryang/CSE-284-Final-Project/grms/chr6_grm
--pheno /expanse/lustre/projects/ddp412/jparkeryang/CSE-284-Final-Project/gwas_simulation/Schizophrenia/Schizophrenia_sim_chr6.phen
--reml
--reml-no-constrain
--out /expanse/lustre/projects/ddp412/jparkeryang/CSE-284-Final-Project/results/gcta/Schizophrenia

Note: This is a multi-thread program. You could specify the number of threads by the --thread-num option to speed up the computation if there are multiple processors in your machine.

Reading IDs of the GRM from [/expanse/lustre/projects/ddp412/jparkeryang/CSE-284-Final-Project/grms/chr6_grm.grm.id].
489 IDs are read from [/expanse/lustre/projects/ddp412/jparkeryang/CSE-284-Final-Project/grms/chr6_grm.grm.id].
Reading the GRM from [/expanse/lustre/projects/ddp412/jparkeryang/CSE-284-Final-Project/grms/chr6_grm.grm.bin].
GRM for 489 individuals are included from [/expanse/lustre/projects/ddp412/jparkeryang/CSE-284-Final-Project/grms/chr6_grm.grm.bin].
Reading phenotypes from [/expanse/lustre/projects/ddp412/jparkeryang/CSE-284-Final-Project/gwas_simulation/Schizophrenia/Schizophrenia_sim_chr6.phen].
Non-missing phenotypes of 400 individuals are included from [/expanse/lustre/projects/ddp412/jparkeryang/CSE-284-Final-Project/gwas_simulation/Schizophrenia/Schizophrenia_sim_chr6.phen].
Assuming a disease phenotype for a case-control study: 200 cases and 200 controls 
Note: you can specify the disease prevalence by the option --prevalence so that GCTA can transform the variance explained to the underlying liability scale.
400 individuals are in common in these files.

Performing  REML analysis ... (Note: may take hours depending on sample size).
400 observations, 1 fixed effect(s), and 2 variance component(s)(including residual variance).
Calculating prior values of variance components by EM-REML ...
Updated prior values: 0.123303 0.118048
logL: 90.4734
Running AI-REML algorithm ...
Iter.	logL	V(G)	V(e)	
1	91.08	0.16512	0.07146	
2	93.69	0.25649	-0.02380	
3	95.28	0.25169	-0.01814	
4	95.34	0.24869	-0.01448	
5	95.37	0.24285	-0.00710	
6	95.39	0.24432	-0.00839	
7	95.39	0.24405	-0.00814	
8	95.39	0.24410	-0.00819	
9	95.39	0.24409	-0.00818	
Log-likelihood ratio converged.

Calculating the logLikelihood for the reduced model ...
(variance component 1 is dropped from the model)
Calculating prior values of variance components by EM-REML ...
Updated prior values: 0.25063
logL: 73.57062
Running AI-REML algorithm ...
Iter.	logL	V(e)	
1	73.57	0.25063	
Log-likelihood ratio converged.

Summary result of REML analysis:
Source	Variance	SE
V(G)	0.244092	0.055263
V(e)	-0.008182	0.047792
Vp	0.235909	0.017352
V(G)/Vp	1.034683	0.201880

Sampling variance/covariance of the estimates of variance components:
3.053968e-03	-2.518484e-03	
-2.518484e-03	2.284078e-03	

Summary result of REML analysis has been saved in the file [/expanse/lustre/projects/ddp412/jparkeryang/CSE-284-Final-Project/results/gcta/Schizophrenia.hsq].

Analysis finished at 22:19:20 PST on Sat Mar 07 2026
Overall computational time: 0.08 sec.
