*******************************************************************
* Genome-wide Complex Trait Analysis (GCTA)
* version v1.95.1 Mac
* (C) 2010-present, Yang Lab, Westlake University
* Please report bugs to Jian Yang <jian.yang@westlake.edu.cn>
*******************************************************************
Analysis started at 16:53:34 PDT on Sun Mar 08 2026.
Hostname: 02-0233-Rosan.local

Accepted options:
--grm /Users/rosanwang/Documents/school/ucsd/year 2/CSE 284/project/grms/chr6_grm
--pheno /Users/rosanwang/Documents/school/ucsd/year 2/CSE 284/project/gwas_simulation/T1D/T1D_sim_chr6.phen
--reml
--reml-no-constrain
--out /Users/rosanwang/Documents/school/ucsd/year 2/CSE 284/project/results/gcta/T1D

Note: This is a multi-thread program. You could specify the number of threads by the --thread-num option to speed up the computation if there are multiple processors in your machine.

Reading IDs of the GRM from [/Users/rosanwang/Documents/school/ucsd/year 2/CSE 284/project/grms/chr6_grm.grm.id].
489 IDs are read from [/Users/rosanwang/Documents/school/ucsd/year 2/CSE 284/project/grms/chr6_grm.grm.id].
Reading the GRM from [/Users/rosanwang/Documents/school/ucsd/year 2/CSE 284/project/grms/chr6_grm.grm.bin].
GRM for 489 individuals are included from [/Users/rosanwang/Documents/school/ucsd/year 2/CSE 284/project/grms/chr6_grm.grm.bin].
Reading phenotypes from [/Users/rosanwang/Documents/school/ucsd/year 2/CSE 284/project/gwas_simulation/T1D/T1D_sim_chr6.phen].
Non-missing phenotypes of 400 individuals are included from [/Users/rosanwang/Documents/school/ucsd/year 2/CSE 284/project/gwas_simulation/T1D/T1D_sim_chr6.phen].
Assuming a disease phenotype for a case-control study: 200 cases and 200 controls 
Note: you can specify the disease prevalence by the option --prevalence so that GCTA can transform the variance explained to the underlying liability scale.
400 individuals are in common in these files.

Performing  REML analysis ... (Note: may take hours depending on sample size).
400 observations, 1 fixed effect(s), and 2 variance component(s)(including residual variance).
Calculating prior values of variance components by EM-REML ...
Updated prior values: 0.124161 0.122386
logL: 82.1925
Running AI-REML algorithm ...
Iter.	logL	V(G)	V(e)	
1	82.29	0.14171	0.10387	
2	82.63	0.17902	0.06528	
3	82.88	0.17527	0.06943	
4	82.88	0.17574	0.06899	
5	82.88	0.17569	0.06904	
6	82.88	0.17570	0.06904	
Log-likelihood ratio converged.

Calculating the logLikelihood for the reduced model ...
(variance component 1 is dropped from the model)
Calculating prior values of variance components by EM-REML ...
Updated prior values: 0.25063
logL: 73.57062
Running AI-REML algorithm ...
Iter.	logL	V(e)	
1	73.57	0.25063	
Log-likelihood ratio converged.

Summary result of REML analysis:
Source	Variance	SE
V(G)	0.175695	0.057928
V(e)	0.069036	0.053201
Vp	0.244732	0.017697
V(G)/Vp	0.717909	0.220616

Sampling variance/covariance of the estimates of variance components:
3.355706e-03	-2.936426e-03	
-2.936426e-03	2.830334e-03	

Summary result of REML analysis has been saved in the file [/Users/rosanwang/Documents/school/ucsd/year 2/CSE 284/project/results/gcta/T1D.hsq].

Analysis finished at 16:53:34 PDT on Sun Mar 08 2026
Overall computational time: 0.02 sec.
