*********************************************************************
* LD Score Regression (LDSC)
* Version 1.0.1
* (C) 2014-2019 Brendan Bulik-Sullivan and Hilary Finucane
* Broad Institute of MIT and Harvard / MIT Department of Mathematics
* GNU General Public License v3
*********************************************************************
Call: 
./munge_sumstats.py \
--out /Users/rosanwang/Documents/school/ucsd/year 2/CSE 284/project/ldsc/sumstats/MDD_sim_gwas_LINC \
--N 489.0 \
--sumstats /Users/rosanwang/Documents/school/ucsd/year 2/CSE 284/project/gwas_simulation/MDD/MDD_sim_gwas_LINC.mlma 

Interpreting column names as follows:
A1:	Allele 1, interpreted as ref allele for signed sumstat.
p:	p-Value
A2:	Allele 2, interpreted as non-ref allele for signed sumstat.
b:	[linear/logistic] regression coefficient (0 --> no effect; above 0 --> A1 is trait/risk increasing)
SNP:	Variant ID (e.g., rs number)

Reading sumstats from /Users/rosanwang/Documents/school/ucsd/year 2/CSE 284/project/gwas_simulation/MDD/MDD_sim_gwas_LINC.mlma into memory 5000000 SNPs at a time.
Read 6413 SNPs from --sumstats file.
Removed 0 SNPs with missing values.
Removed 0 SNPs with INFO <= 0.9.
Removed 0 SNPs with MAF <= 0.01.
Removed 0 SNPs with out-of-bounds p-values.
Removed 990 variants that were not SNPs or were strand-ambiguous.
5423 SNPs remain.
Removed 0 SNPs with duplicated rs numbers (5423 SNPs remain).
Using N = 489.0
Median value of b was -0.00970933, which seems sensible.
Writing summary statistics for 5423 SNPs (5423 with nonmissing beta) to /Users/rosanwang/Documents/school/ucsd/year 2/CSE 284/project/ldsc/sumstats/MDD_sim_gwas_LINC.sumstats.gz.

Metadata:
Mean chi^2 = 1.041
Lambda GC = 0.828
Max chi^2 = 56.954
7 Genome-wide significant SNPs (some may have been removed by filtering).

Conversion finished at Thu Mar 12 23:48:04 2026
Total time elapsed: 0.06s
