*********************************************************************
* LD Score Regression (LDSC)
* Version 1.0.1
* (C) 2014-2019 Brendan Bulik-Sullivan and Hilary Finucane
* Broad Institute of MIT and Harvard / MIT Department of Mathematics
* GNU General Public License v3
*********************************************************************
Call: 
./ldsc.py \
--h2 /Users/rosanwang/Documents/school/ucsd/year 2/CSE 284/project/ldsc/sumstats/T1D_sim_gwas_ch6.sumstats.gz \
--ref-ld-chr /Users/rosanwang/Documents/school/ucsd/year 2/CSE 284/project/ldsc/ref/baselineLD_v2.3/baselineLD. \
--out /Users/rosanwang/Documents/school/ucsd/year 2/CSE 284/project/ldsc/sumstats/T1D_sim_gwas_ch6_h2 \
--w-ld-chr /Users/rosanwang/Documents/school/ucsd/year 2/CSE 284/project/ldsc/ref/GRCh38/weights/weights.hm3_noMHC. 

Beginning analysis at Sat Mar  7 21:14:24 2026
Reading summary statistics from /Users/rosanwang/Documents/school/ucsd/year 2/CSE 284/project/ldsc/sumstats/T1D_sim_gwas_ch6.sumstats.gz ...
Traceback (most recent call last):
  File "./ldsc.py", line 644, in <module>
    sumstats.estimate_h2(args, log)
  File "/Users/rosanwang/ldsc/ldscore/sumstats.py", line 326, in estimate_h2
    args, log, args.h2)
  File "/Users/rosanwang/ldsc/ldscore/sumstats.py", line 242, in _read_ld_sumstats
    sumstats = _read_sumstats(args, log, fh, alleles=alleles, dropna=dropna)
  File "/Users/rosanwang/ldsc/ldscore/sumstats.py", line 163, in _read_sumstats
    sumstats = ps.sumstats(fh, alleles=alleles, dropna=dropna)
  File "/Users/rosanwang/ldsc/ldscore/parse.py", line 89, in sumstats
    x = read_csv(fh, usecols=usecols, dtype=dtype_dict, compression=compression)
  File "/Users/rosanwang/ldsc/ldscore/parse.py", line 21, in read_csv
    return pd.read_csv(fh, delim_whitespace=True, na_values='.', **kwargs)
  File "/Users/rosanwang/miniconda3/envs/ldsc/lib/python2.7/site-packages/pandas/io/parsers.py", line 678, in parser_f
    return _read(filepath_or_buffer, kwds)
  File "/Users/rosanwang/miniconda3/envs/ldsc/lib/python2.7/site-packages/pandas/io/parsers.py", line 440, in _read
    parser = TextFileReader(filepath_or_buffer, **kwds)
  File "/Users/rosanwang/miniconda3/envs/ldsc/lib/python2.7/site-packages/pandas/io/parsers.py", line 787, in __init__
    self._make_engine(self.engine)
  File "/Users/rosanwang/miniconda3/envs/ldsc/lib/python2.7/site-packages/pandas/io/parsers.py", line 1014, in _make_engine
    self._engine = CParserWrapper(self.f, **self.options)
  File "/Users/rosanwang/miniconda3/envs/ldsc/lib/python2.7/site-packages/pandas/io/parsers.py", line 1708, in __init__
    self._reader = parsers.TextReader(src, **kwds)
  File "pandas/_libs/parsers.pyx", line 384, in pandas._libs.parsers.TextReader.__cinit__
  File "pandas/_libs/parsers.pyx", line 628, in pandas._libs.parsers.TextReader._setup_parser_source
  File "/Users/rosanwang/miniconda3/envs/ldsc/lib/python2.7/gzip.py", line 94, in __init__
    fileobj = self.myfileobj = __builtin__.open(filename, mode or 'rb')
IOError: [Errno 2] No such file or directory: '/Users/rosanwang/Documents/school/ucsd/year 2/CSE 284/project/ldsc/sumstats/T1D_sim_gwas_ch6.sumstats.gz'

Analysis finished at Sat Mar  7 21:14:24 2026
Total time elapsed: 0.0s
