*******************************************************************
* Genome-wide Complex Trait Analysis (GCTA)
* version v1.94.1 Linux
* Built at Nov 15 2022 21:14:25, by GCC 8.5
* (C) 2010-present, Yang Lab, Westlake University
* Please report bugs to Jian Yang <jian.yang@westlake.edu.cn>
*******************************************************************
Analysis started at 17:28:00 PDT on Thu Mar 12 2026.
Hostname: login01

Accepted options:
--grm /expanse/lustre/projects/ddp412/jparkeryang/CSE-284-Final-Project/grms/chr3_FOXP1_grm
--pheno /expanse/lustre/projects/ddp412/jparkeryang/CSE-284-Final-Project/gwas_simulation/Anorexia/Anorexia_sim_FOXP1.phen
--reml
--reml-no-constrain
--out /expanse/lustre/projects/ddp412/jparkeryang/CSE-284-Final-Project/results/gcta/loci/Anorexia_locus

Note: This is a multi-thread program. You could specify the number of threads by the --thread-num option to speed up the computation if there are multiple processors in your machine.

Reading IDs of the GRM from [/expanse/lustre/projects/ddp412/jparkeryang/CSE-284-Final-Project/grms/chr3_FOXP1_grm.grm.id].
489 IDs are read from [/expanse/lustre/projects/ddp412/jparkeryang/CSE-284-Final-Project/grms/chr3_FOXP1_grm.grm.id].
Reading the GRM from [/expanse/lustre/projects/ddp412/jparkeryang/CSE-284-Final-Project/grms/chr3_FOXP1_grm.grm.bin].
GRM for 489 individuals are included from [/expanse/lustre/projects/ddp412/jparkeryang/CSE-284-Final-Project/grms/chr3_FOXP1_grm.grm.bin].
Reading phenotypes from [/expanse/lustre/projects/ddp412/jparkeryang/CSE-284-Final-Project/gwas_simulation/Anorexia/Anorexia_sim_FOXP1.phen].
Non-missing phenotypes of 400 individuals are included from [/expanse/lustre/projects/ddp412/jparkeryang/CSE-284-Final-Project/gwas_simulation/Anorexia/Anorexia_sim_FOXP1.phen].
Assuming a disease phenotype for a case-control study: 200 cases and 200 controls 
Note: you can specify the disease prevalence by the option --prevalence so that GCTA can transform the variance explained to the underlying liability scale.
400 individuals are in common in these files.

Performing  REML analysis ... (Note: may take hours depending on sample size).
400 observations, 1 fixed effect(s), and 2 variance component(s)(including residual variance).
Calculating prior values of variance components by EM-REML ...
Updated prior values:  0.12501 0.131652
logL: 101.295
Running AI-REML algorithm ...
Iter.	logL	V(G)	V(e)	
1	101.67	0.11827	0.13566	
2	101.88	0.10475	0.14422	
3	102.05	0.10599	0.14391	
4	102.05	0.10595	0.14394	
5	102.05	0.10595	0.14394	
Log-likelihood ratio converged.

Calculating the logLikelihood for the reduced model ...
(variance component 1 is dropped from the model)
Calculating prior values of variance components by EM-REML ...
Updated prior values: 0.25063
logL: 73.57062
Running AI-REML algorithm ...
Iter.	logL	V(e)	
1	73.57	0.25063	
Log-likelihood ratio converged.

Summary result of REML analysis:
Source	Variance	SE
V(G)	0.105949	0.024600
V(e)	0.143939	0.016173
Vp	0.249888	0.020764
V(G)/Vp	0.423987	0.075313

Sampling variance/covariance of the estimates of variance components:
6.051514e-04	-2.177878e-04	
-2.177878e-04	2.615742e-04	

Summary result of REML analysis has been saved in the file [/expanse/lustre/projects/ddp412/jparkeryang/CSE-284-Final-Project/results/gcta/loci/Anorexia_locus.hsq].

Analysis finished at 17:28:00 PDT on Thu Mar 12 2026
Overall computational time: 0.34 sec.
