*******************************************************************
* Genome-wide Complex Trait Analysis (GCTA)
* version v1.94.1 Linux
* Built at Nov 15 2022 21:14:25, by GCC 8.5
* (C) 2010-present, Yang Lab, Westlake University
* Please report bugs to Jian Yang <jian.yang@westlake.edu.cn>
*******************************************************************
Analysis started at 17:28:01 PDT on Thu Mar 12 2026.
Hostname: login01

Accepted options:
--grm /expanse/lustre/projects/ddp412/jparkeryang/CSE-284-Final-Project/grms/chr20_MACROD2_grm
--pheno /expanse/lustre/projects/ddp412/jparkeryang/CSE-284-Final-Project/gwas_simulation/Autism/Autism_sim_MACROD2.phen
--reml
--reml-no-constrain
--out /expanse/lustre/projects/ddp412/jparkeryang/CSE-284-Final-Project/results/gcta/loci/Autism_locus

Note: This is a multi-thread program. You could specify the number of threads by the --thread-num option to speed up the computation if there are multiple processors in your machine.

Reading IDs of the GRM from [/expanse/lustre/projects/ddp412/jparkeryang/CSE-284-Final-Project/grms/chr20_MACROD2_grm.grm.id].
489 IDs are read from [/expanse/lustre/projects/ddp412/jparkeryang/CSE-284-Final-Project/grms/chr20_MACROD2_grm.grm.id].
Reading the GRM from [/expanse/lustre/projects/ddp412/jparkeryang/CSE-284-Final-Project/grms/chr20_MACROD2_grm.grm.bin].
GRM for 489 individuals are included from [/expanse/lustre/projects/ddp412/jparkeryang/CSE-284-Final-Project/grms/chr20_MACROD2_grm.grm.bin].
Reading phenotypes from [/expanse/lustre/projects/ddp412/jparkeryang/CSE-284-Final-Project/gwas_simulation/Autism/Autism_sim_MACROD2.phen].
Non-missing phenotypes of 400 individuals are included from [/expanse/lustre/projects/ddp412/jparkeryang/CSE-284-Final-Project/gwas_simulation/Autism/Autism_sim_MACROD2.phen].
Assuming a disease phenotype for a case-control study: 200 cases and 200 controls 
Note: you can specify the disease prevalence by the option --prevalence so that GCTA can transform the variance explained to the underlying liability scale.
400 individuals are in common in these files.

Performing  REML analysis ... (Note: may take hours depending on sample size).
400 observations, 1 fixed effect(s), and 2 variance component(s)(including residual variance).
Calculating prior values of variance components by EM-REML ...
Updated prior values: 0.117496 0.106651
logL: 156.704
Running AI-REML algorithm ...
Iter.	logL	V(G)	V(e)	
1	160.84	0.11231	0.10322	
2	161.47	0.10917	0.10103	
3	161.75	0.10291	0.09650	
4	161.97	0.10337	0.09664	
5	161.97	0.10334	0.09665	
6	161.97	0.10335	0.09665	
Log-likelihood ratio converged.

Calculating the logLikelihood for the reduced model ...
(variance component 1 is dropped from the model)
Calculating prior values of variance components by EM-REML ...
Updated prior values: 0.25063
logL: 73.57062
Running AI-REML algorithm ...
Iter.	logL	V(e)	
1	73.57	0.25063	
Log-likelihood ratio converged.

Summary result of REML analysis:
Source	Variance	SE
V(G)	0.103346	0.019869
V(e)	0.096651	0.010798
Vp	0.199997	0.017404
V(G)/Vp	0.516738	0.066220

Sampling variance/covariance of the estimates of variance components:
3.947788e-04	-1.042472e-04	
-1.042472e-04	1.166073e-04	

Summary result of REML analysis has been saved in the file [/expanse/lustre/projects/ddp412/jparkeryang/CSE-284-Final-Project/results/gcta/loci/Autism_locus.hsq].

Analysis finished at 17:28:01 PDT on Thu Mar 12 2026
Overall computational time: 0.10 sec.
