*******************************************************************
* Genome-wide Complex Trait Analysis (GCTA)
* version v1.94.1 Linux
* Built at Nov 15 2022 21:14:25, by GCC 8.5
* (C) 2010-present, Yang Lab, Westlake University
* Please report bugs to Jian Yang <jian.yang@westlake.edu.cn>
*******************************************************************
Analysis started at 17:28:01 PDT on Thu Mar 12 2026.
Hostname: login01

Accepted options:
--grm /expanse/lustre/projects/ddp412/jparkeryang/CSE-284-Final-Project/grms/chr13_LINC_grm
--pheno /expanse/lustre/projects/ddp412/jparkeryang/CSE-284-Final-Project/gwas_simulation/MDD/MDD_sim_LINC.phen
--reml
--reml-no-constrain
--out /expanse/lustre/projects/ddp412/jparkeryang/CSE-284-Final-Project/results/gcta/loci/MDD_locus

Note: This is a multi-thread program. You could specify the number of threads by the --thread-num option to speed up the computation if there are multiple processors in your machine.

Reading IDs of the GRM from [/expanse/lustre/projects/ddp412/jparkeryang/CSE-284-Final-Project/grms/chr13_LINC_grm.grm.id].
489 IDs are read from [/expanse/lustre/projects/ddp412/jparkeryang/CSE-284-Final-Project/grms/chr13_LINC_grm.grm.id].
Reading the GRM from [/expanse/lustre/projects/ddp412/jparkeryang/CSE-284-Final-Project/grms/chr13_LINC_grm.grm.bin].
GRM for 489 individuals are included from [/expanse/lustre/projects/ddp412/jparkeryang/CSE-284-Final-Project/grms/chr13_LINC_grm.grm.bin].
Reading phenotypes from [/expanse/lustre/projects/ddp412/jparkeryang/CSE-284-Final-Project/gwas_simulation/MDD/MDD_sim_LINC.phen].
Non-missing phenotypes of 400 individuals are included from [/expanse/lustre/projects/ddp412/jparkeryang/CSE-284-Final-Project/gwas_simulation/MDD/MDD_sim_LINC.phen].
Assuming a disease phenotype for a case-control study: 200 cases and 200 controls 
Note: you can specify the disease prevalence by the option --prevalence so that GCTA can transform the variance explained to the underlying liability scale.
400 individuals are in common in these files.

Performing  REML analysis ... (Note: may take hours depending on sample size).
400 observations, 1 fixed effect(s), and 2 variance component(s)(including residual variance).
Calculating prior values of variance components by EM-REML ...
Updated prior values: 0.12229 0.13108
logL: 119.776
Running AI-REML algorithm ...
Iter.	logL	V(G)	V(e)	
1	120.20	0.10918	0.13529	
2	120.79	0.08565	0.14368	
3	121.17	0.08953	0.14279	
4	121.18	0.08939	0.14288	
5	121.18	0.08940	0.14287	
Log-likelihood ratio converged.

Calculating the logLikelihood for the reduced model ...
(variance component 1 is dropped from the model)
Calculating prior values of variance components by EM-REML ...
Updated prior values: 0.25063
logL: 73.57062
Running AI-REML algorithm ...
Iter.	logL	V(e)	
1	73.57	0.25063	
Log-likelihood ratio converged.

Summary result of REML analysis:
Source	Variance	SE
V(G)	0.089404	0.021926
V(e)	0.142871	0.013795
Vp	0.232275	0.020132
V(G)/Vp	0.384906	0.071134

Sampling variance/covariance of the estimates of variance components:
4.807540e-04	-1.328795e-04	
-1.328795e-04	1.902963e-04	

Summary result of REML analysis has been saved in the file [/expanse/lustre/projects/ddp412/jparkeryang/CSE-284-Final-Project/results/gcta/loci/MDD_locus.hsq].

Analysis finished at 17:28:01 PDT on Thu Mar 12 2026
Overall computational time: 0.11 sec.
